This is pdfTeX, Version 3.1415926-2.3-1.40.12 (MiKTeX 2.9) (preloaded format=pdflatex 2019.12.3)  5 FEB 2021 07:57
entering extended mode
**EEET2493_labreport_template.tex

("C:\Users\Zhiguo\OneDrive - CentraleSupelec\Paris\Research\Collaborators\Andre
aBelle\andrea_1st_paper\EEET2493_labreport_template.tex"
LaTeX2e <2011/06/27>
Babel <v3.8m> and hyphenation patterns for loaded.
(C:\CTEX\MiKTeX\tex\latex\elsarticle\elsarticle.cls
Document Class: elsarticle 2009/09/17, 1.2.0: Elsevier Ltd
\@bls=\dimen102
(C:\CTEX\MiKTeX\tex\latex\base\article.cls
Document Class: article 2007/10/19 v1.4h Standard LaTeX document class
(C:\CTEX\MiKTeX\tex\latex\base\size10.clo
File: size10.clo 2007/10/19 v1.4h Standard LaTeX file (size option)
)
\c@part=\count79
\c@section=\count80
\c@subsection=\count81
\c@subsubsection=\count82
\c@paragraph=\count83
\c@subparagraph=\count84
\c@figure=\count85
\c@table=\count86
\abovecaptionskip=\skip41
\belowcaptionskip=\skip42
\bibindent=\dimen103
)
(C:\CTEX\MiKTeX\tex\latex\graphics\graphicx.sty
Package: graphicx 1999/02/16 v1.0f Enhanced LaTeX Graphics (DPC,SPQR)

(C:\CTEX\MiKTeX\tex\latex\graphics\keyval.sty
Package: keyval 1999/03/16 v1.13 key=value parser (DPC)
\KV@toks@=\toks14
)
(C:\CTEX\MiKTeX\tex\latex\graphics\graphics.sty
Package: graphics 2009/02/05 v1.0o Standard LaTeX Graphics (DPC,SPQR)

(C:\CTEX\MiKTeX\tex\latex\graphics\trig.sty
Package: trig 1999/03/16 v1.09 sin cos tan (DPC)
)
(C:\CTEX\MiKTeX\tex\latex\00miktex\graphics.cfg
File: graphics.cfg 2007/01/18 v1.5 graphics configuration of teTeX/TeXLive
)
Package graphics Info: Driver file: pdftex.def on input line 91.

(C:\CTEX\MiKTeX\tex\latex\pdftex-def\pdftex.def
File: pdftex.def 2011/05/27 v0.06d Graphics/color for pdfTeX

(C:\CTEX\MiKTeX\tex\generic\oberdiek\infwarerr.sty
Package: infwarerr 2010/04/08 v1.3 Providing info/warning/message (HO)
)
(C:\CTEX\MiKTeX\tex\generic\oberdiek\ltxcmds.sty
Package: ltxcmds 2011/04/18 v1.20 LaTeX kernel commands for general use (HO)
)
\Gread@gobject=\count87
))
\Gin@req@height=\dimen104
\Gin@req@width=\dimen105
)
(C:\CTEX\MiKTeX\tex\latex\psnfss\pifont.sty
Package: pifont 2005/04/12 PSNFSS-v9.2a Pi font support (SPQR) 
LaTeX Font Info:    Try loading font information for U+pzd on input line 63.

(C:\CTEX\MiKTeX\tex\latex\psnfss\upzd.fd
File: upzd.fd 2001/06/04 font definitions for U/pzd.
)
LaTeX Font Info:    Try loading font information for U+psy on input line 64.

(C:\CTEX\MiKTeX\tex\latex\psnfss\upsy.fd
File: upsy.fd 2001/06/04 font definitions for U/psy.
))
\c@tnote=\count88
\c@fnote=\count89
\c@cnote=\count90
\c@ead=\count91
\c@author=\count92
\@eadauthor=\toks15
\c@affn=\count93
\absbox=\box26
\keybox=\box27
\Columnwidth=\dimen106
\space@left=\dimen107
\els@boxa=\box28
\els@boxb=\box29
\leftMargin=\dimen108
\@enLab=\toks16
\@sep=\skip43
\@@sep=\skip44

("C:\Users\Zhiguo\OneDrive - CentraleSupelec\Paris\Research\Collaborators\Andre
aBelle\andrea_1st_paper\EEET2493_labreport_template.spl")
(C:\CTEX\MiKTeX\tex\latex\natbib\natbib.sty
Package: natbib 2010/09/13 8.31b (PWD, AO)
\bibhang=\skip45
\bibsep=\skip46
LaTeX Info: Redefining \cite on input line 694.
\c@NAT@ctr=\count94
)
\splwrite=\write3
)
(C:\CTEX\MiKTeX\tex\latex\lineno\lineno.sty
Package: lineno 2005/11/02 line numbers on paragraphs v4.41
\linenopenalty=\count95
\output=\toks17
\linenoprevgraf=\count96
\linenumbersep=\dimen109
\linenumberwidth=\dimen110
\c@linenumber=\count97
\c@pagewiselinenumber=\count98
\c@LN@truepage=\count99
\c@internallinenumber=\count100
\c@internallinenumbers=\count101
\quotelinenumbersep=\dimen111
\bframerule=\dimen112
\bframesep=\dimen113
\bframebox=\box30
LaTeX Info: Redefining \\ on input line 3056.
)
(C:\CTEX\MiKTeX\tex\latex\hyperref\hyperref.sty
Package: hyperref 2012/02/06 v6.82o Hypertext links for LaTeX

(C:\CTEX\MiKTeX\tex\generic\oberdiek\hobsub-hyperref.sty
Package: hobsub-hyperref 2011/04/23 v1.4 Bundle oberdiek, subset hyperref (HO)

(C:\CTEX\MiKTeX\tex\generic\oberdiek\hobsub-generic.sty
Package: hobsub-generic 2011/04/23 v1.4 Bundle oberdiek, subset generic (HO)
Package: hobsub 2011/04/23 v1.4 Subsetting bundle oberdiek (HO)
Package hobsub Info: Skipping package `infwarerr' (already loaded).
Package hobsub Info: Skipping package `ltxcmds' (already loaded).
Package: ifluatex 2010/03/01 v1.3 Provides the ifluatex switch (HO)
Package ifluatex Info: LuaTeX not detected.
Package: ifvtex 2010/03/01 v1.5 Switches for detecting VTeX and its modes (HO)
Package ifvtex Info: VTeX not detected.
Package: intcalc 2007/09/27 v1.1 Expandable integer calculations (HO)
Package: ifpdf 2011/01/30 v2.3 Provides the ifpdf switch (HO)
Package ifpdf Info: pdfTeX in PDF mode is detected.
Package: etexcmds 2011/02/16 v1.5 Prefix for e-TeX command names (HO)
Package etexcmds Info: Could not find \expanded.
(etexcmds)             That can mean that you are not using pdfTeX 1.50 or
(etexcmds)             that some package has redefined \expanded.
(etexcmds)             In the latter case, load this package earlier.
Package: kvsetkeys 2011/04/07 v1.13 Key value parser (HO)
Package: kvdefinekeys 2011/04/07 v1.3 Defining keys (HO)
Package: pdftexcmds 2011/04/22 v0.16 Utilities of pdfTeX for LuaTeX (HO)
Package pdftexcmds Info: LuaTeX not detected.
Package pdftexcmds Info: \pdf@primitive is available.
Package pdftexcmds Info: \pdf@ifprimitive is available.
Package pdftexcmds Info: \pdfdraftmode found.
Package: pdfescape 2011/04/04 v1.12 Provides string conversions (HO)
Package: bigintcalc 2011/01/30 v1.2 Expandable big integer calculations (HO)
Package: bitset 2011/01/30 v1.1 Data type bit set (HO)
Package: uniquecounter 2011/01/30 v1.2 Provides unlimited unique counter (HO)
)
Package hobsub Info: Skipping package `hobsub' (already loaded).
Package: letltxmacro 2010/09/02 v1.4 Let assignment for LaTeX macros (HO)
Package: hopatch 2011/01/30 v1.0 Wrapper for package hooks (HO)
Package: xcolor-patch 2011/01/30 xcolor patch
Package: atveryend 2011/04/23 v1.7 Hooks at very end of document (HO)
Package: atbegshi 2011/01/30 v1.15 At begin shipout hook (HO)
Package: refcount 2010/12/01 v3.2 Data extraction from references (HO)
Package: hycolor 2011/01/30 v1.7 Color options of hyperref/bookmark (HO)
)
(C:\CTEX\MiKTeX\tex\generic\ifxetex\ifxetex.sty
Package: ifxetex 2010/09/12 v0.6 Provides ifxetex conditional
)
(C:\CTEX\MiKTeX\tex\latex\oberdiek\kvoptions.sty
Package: kvoptions 2010/12/23 v3.10 Keyval support for LaTeX options (HO)
)
\@linkdim=\dimen114
\Hy@linkcounter=\count102
\Hy@pagecounter=\count103

(C:\CTEX\MiKTeX\tex\latex\hyperref\pd1enc.def
File: pd1enc.def 2012/02/06 v6.82o Hyperref: PDFDocEncoding definition (HO)
)
\Hy@SavedSpaceFactor=\count104

(C:\CTEX\MiKTeX\tex\latex\00miktex\hyperref.cfg
File: hyperref.cfg 2002/06/06 v1.2 hyperref configuration of TeXLive
)
Package hyperref Info: Hyper figures OFF on input line 4046.
Package hyperref Info: Link nesting OFF on input line 4051.
Package hyperref Info: Hyper index ON on input line 4054.
Package hyperref Info: Plain pages OFF on input line 4061.
Package hyperref Info: Backreferencing OFF on input line 4066.
Package hyperref Info: Implicit mode ON; LaTeX internals redefined.
Package hyperref Info: Bookmarks ON on input line 4284.
\c@Hy@tempcnt=\count105

(C:\CTEX\MiKTeX\tex\latex\ltxmisc\url.sty
\Urlmuskip=\muskip10
Package: url 2006/04/12  ver 3.3  Verb mode for urls, etc.
)
LaTeX Info: Redefining \url on input line 4637.
\Fld@menulength=\count106
\Field@Width=\dimen115
\Fld@charsize=\dimen116
Package hyperref Info: Hyper figures OFF on input line 5757.
Package hyperref Info: Link nesting OFF on input line 5762.
Package hyperref Info: Hyper index ON on input line 5765.
Package hyperref Info: backreferencing OFF on input line 5772.
Package hyperref Info: Link coloring OFF on input line 5777.
Package hyperref Info: Link coloring with OCG OFF on input line 5782.
Package hyperref Info: PDF/A mode OFF on input line 5787.
LaTeX Info: Redefining \ref on input line 5827.
LaTeX Info: Redefining \pageref on input line 5831.
\Hy@abspage=\count107
\c@Item=\count108
\c@Hfootnote=\count109
)

Package hyperref Message: Driver (autodetected): hpdftex.

(C:\CTEX\MiKTeX\tex\latex\hyperref\hpdftex.def
File: hpdftex.def 2012/02/06 v6.82o Hyperref driver for pdfTeX
\Fld@listcount=\count110
\c@bookmark@seq@number=\count111

(C:\CTEX\MiKTeX\tex\latex\oberdiek\rerunfilecheck.sty
Package: rerunfilecheck 2011/04/15 v1.7 Rerun checks for auxiliary files (HO)
Package uniquecounter Info: New unique counter `rerunfilecheck' on input line 2
82.
)
\Hy@SectionHShift=\skip47
)
(C:\CTEX\MiKTeX\tex\latex\biblatex\biblatex.sty
Package: biblatex 2011/11/13 v1.7 programmable bibliographies

(C:\CTEX\MiKTeX\tex\latex\etoolbox\etoolbox.sty
Package: etoolbox 2011/01/03 v2.1 e-TeX tools for LaTeX

(C:\CTEX\MiKTeX\tex\latex\misc\etex.sty
Package: etex 1998/03/26 v2.0 eTeX basic definition package (PEB)
\et@xins=\count112
)
\etb@tempcnta=\count113
)
(C:\CTEX\MiKTeX\tex\latex\logreq\logreq.sty
Package: logreq 2010/08/04 v1.0 xml request logger
\lrq@indent=\count114

(C:\CTEX\MiKTeX\tex\latex\logreq\logreq.def
File: logreq.def 2010/08/04 v1.0 logreq spec v1.0
))
(C:\CTEX\MiKTeX\tex\latex\base\ifthen.sty
Package: ifthen 2001/05/26 v1.1c Standard LaTeX ifthen package (DPC)
)
\c@listtotal=\count115
\c@listcount=\count116
\c@liststart=\count117
\c@liststop=\count118
\c@citecount=\count119
\c@citetotal=\count120
\c@multicitecount=\count121
\c@multicitetotal=\count122
\c@instcount=\count123
\c@maxnames=\count124
\c@minnames=\count125
\c@maxitems=\count126
\c@minitems=\count127
\c@citecounter=\count128
\c@savedcitecounter=\count129
\c@uniquelist=\count130
\c@uniquename=\count131
\c@refsection=\count132
\c@refsegment=\count133
\c@maxextrayear=\count134
\c@maxextraalpha=\count135
\c@abbrvpenalty=\count136
\c@highnamepenalty=\count137
\c@lownamepenalty=\count138
\c@maxparens=\count139
\c@parenlevel=\count140
\blx@tempcnta=\count141
\blx@tempcntb=\count142
\blx@tempcntc=\count143
\blx@maxsection=\count144
\blx@maxsegment=\count145
\blx@notetype=\count146
\blx@parenlevel@text=\count147
\blx@parenlevel@foot=\count148
\labelnumberwidth=\skip48
\labelalphawidth=\skip49
\shorthandwidth=\skip50
\biblabelsep=\skip51
\bibitemsep=\skip52
\bibnamesep=\skip53
\bibinitsep=\skip54
\bibparsep=\skip55


! LaTeX Error: Command \bibhang already defined.
               Or name \end... illegal, see p.192 of the manual.

See the LaTeX manual or LaTeX Companion for explanation.
Type  H <return>  for immediate help.
 ...                                              
                                                  
l.390 \newlength{\bibhang}
                          
Your command was ignored.
Type  I <command> <return>  to replace it with another command,
or  <return>  to continue without it.

\blx@auxin=\read1
\blx@auxout=\write4
\c@mincomprange=\count149
\c@maxcomprange=\count150
\c@mincompwidth=\count151
\c@labelname=\count152
\c@savedlabelname=\count153

! LaTeX Error: Command \c@author already defined.
               Or name \end... illegal, see p.192 of the manual.

See the LaTeX manual or LaTeX Companion for explanation.
Type  H <return>  for immediate help.
 ...                                              
                                                  
l.5075 \abx@donames
                   
Your command was ignored.
Type  I <command> <return>  to replace it with another command,
or  <return>  to continue without it.

\c@savedauthor=\count154
\c@shortauthor=\count155
\c@savedshortauthor=\count156
\c@editor=\count157
\c@savededitor=\count158
\c@editora=\count159
\c@savededitora=\count160
\c@editorb=\count161
\c@savededitorb=\count162
\c@editorc=\count163
\c@savededitorc=\count164
\c@shorteditor=\count165
\c@savedshorteditor=\count166
\c@bookauthor=\count167
\c@savedbookauthor=\count168
\c@translator=\count169
\c@savedtranslator=\count170
\c@annotator=\count171
\c@savedannotator=\count172
\c@commentator=\count173
\c@savedcommentator=\count174
\c@introduction=\count175
\c@savedintroduction=\count176
\c@foreword=\count177
\c@savedforeword=\count178
\c@afterword=\count179
\c@savedafterword=\count180
\c@holder=\count181
\c@savedholder=\count182
\c@namea=\count183
\c@savednamea=\count184
\c@nameb=\count185
\c@savednameb=\count186
\c@namec=\count187
\c@savednamec=\count188
\c@institution=\count189
\c@savedinstitution=\count190
\c@language=\count191
\c@savedlanguage=\count192
\c@location=\count193
\c@savedlocation=\count194
\c@organization=\count195
\c@savedorganization=\count196
\c@origlocation=\count197
\c@savedoriglocation=\count198
\c@origpublisher=\count199
\c@savedorigpublisher=\count200
\c@pageref=\count201
\c@savedpageref=\count202
\c@publisher=\count203
\c@savedpublisher=\count204
\c@lista=\count205
\c@savedlista=\count206
\c@listb=\count207
\c@savedlistb=\count208
\c@listc=\count209
\c@savedlistc=\count210
\c@listd=\count211
\c@savedlistd=\count212
\c@liste=\count213
\c@savedliste=\count214
\c@listf=\count215
\c@savedlistf=\count216

! LaTeX Error: Command \citename already defined.
               Or name \end... illegal, see p.192 of the manual.

See the LaTeX manual or LaTeX Companion for explanation.
Type  H <return>  for immediate help.
 ...                                              
                                                  
l.8275 ...d*{\citename}{\blx@citexpunct{citename}}
                                                  
Your command was ignored.
Type  I <command> <return>  to replace it with another command,
or  <return>  to continue without it.

Package biblatex Info: Trying to load compatibility code...
Package biblatex Info: ... file 'blx-compat.def' found.
(C:\CTEX\MiKTeX\tex\latex\biblatex\blx-compat.def
File: blx-compat.def 2011/11/13 v1.7 biblatex generic compatibility
)
Package biblatex Info: Trying to load generic definitions...
Package biblatex Info: ... file 'biblatex.def' found.

(C:\CTEX\MiKTeX\tex\latex\biblatex\biblatex.def
File: biblatex.def 2011/11/13 v1.7 biblatex generic definitions
\c@biburlnumpenalty=\count217
\c@biburlucpenalty=\count218
\c@biburllcpenalty=\count219


! LaTeX Error: Command \bibfont already defined.
               Or name \end... illegal, see p.192 of the manual.

See the LaTeX manual or LaTeX Companion for explanation.
Type  H <return>  for immediate help.
 ...                                              
                                                  
l.164 ...ommand*{\bibfont}{\normalfont\normalsize}
                                                  
Your command was ignored.
Type  I <command> <return>  to replace it with another command,
or  <return>  to continue without it.

\c@smartand=\count220

Package biblatex Warning: Redefining '\citeauthor'.


Package biblatex Warning: Redefining '\citeyear'.


! LaTeX Error: Command \Citeauthor already defined.
               Or name \end... illegal, see p.192 of the manual.

See the LaTeX manual or LaTeX Companion for explanation.
Type  H <return>  for immediate help.
 ...                                              
                                                  
l.1683 ...d*{\Citeauthor}{\bibsentence\citeauthor}
                                                  
Your command was ignored.
Type  I <command> <return>  to replace it with another command,
or  <return>  to continue without it.

)
Package biblatex Info: Trying to load bibliography style 'ieee'...
Package biblatex Info: ... file 'ieee.bbx' found.
 (C:\CTEX\MiKTeX\tex\latex\biblatex-ieee\ieee.bbx
File: ieee.bbx 2011/05/09 v1.0b biblatex bibliography style
Package biblatex Info: Trying to load bibliography style 'numeric-comp'...
Package biblatex Info: ... file 'numeric-comp.bbx' found.

(C:\CTEX\MiKTeX\tex\latex\biblatex\bbx\numeric-comp.bbx
File: numeric-comp.bbx 2011/11/13 v1.7 biblatex bibliography style
Package biblatex Info: Trying to load bibliography style 'numeric'...
Package biblatex Info: ... file 'numeric.bbx' found.

(C:\CTEX\MiKTeX\tex\latex\biblatex\bbx\numeric.bbx
File: numeric.bbx 2011/11/13 v1.7 biblatex bibliography style
Package biblatex Info: Trying to load bibliography style 'standard'...
Package biblatex Info: ... file 'standard.bbx' found.

(C:\CTEX\MiKTeX\tex\latex\biblatex\bbx\standard.bbx
File: standard.bbx 2011/11/13 v1.7 biblatex bibliography style
)))

Package biblatex Warning: Macro 'author' already defined.
(biblatex)                Using \renewbibmacro.

)
Package biblatex Info: Trying to load citation style 'ieee'...
Package biblatex Info: ... file 'ieee.cbx' found.
 (C:\CTEX\MiKTeX\tex\latex\biblatex-ieee\ieee.cbx
File: ieee.cbx 2011/05/09 v1.0b biblatex citation style
Package biblatex Info: Trying to load citation style 'numeric-comp'...
Package biblatex Info: ... file 'numeric-comp.cbx' found.

(C:\CTEX\MiKTeX\tex\latex\biblatex\cbx\numeric-comp.cbx
File: numeric-comp.cbx 2011/11/13 v1.7 biblatex citation style
\c@cbx@tempcnta=\count221
\c@cbx@tempcntb=\count222
Package biblatex Info: Redefining '\cite'.
Package biblatex Info: Redefining '\parencite'.
Package biblatex Info: Redefining '\footcite'.
Package biblatex Info: Redefining '\footcitetext'.
Package biblatex Info: Redefining '\smartcite'.
Package biblatex Info: Redefining '\textcite'.
Package biblatex Info: Redefining '\supercite'.
Package biblatex Info: Redefining '\cites'.
Package biblatex Info: Redefining '\parencites'.
Package biblatex Info: Redefining '\smartcites'.
))
Package biblatex Info: Trying to load configuration file...
Package biblatex Info: ... file 'biblatex.cfg' found.

(C:\CTEX\MiKTeX\tex\latex\biblatex\biblatex.cfg
File: biblatex.cfg 
))
(C:\CTEX\MiKTeX\tex\latex\nomencl\nomencl.sty
Package: nomencl 2005/09/22 v4.2 Nomenclature package (LN)
\nomlabelwidth=\dimen117
\nom@tempdim=\dimen118
\nomitemsep=\skip56
)
\@nomenclaturefile=\write5

Writing nomenclature file EEET2493_labreport_template.nlo
(C:\CTEX\MiKTeX\tex\latex\amsfonts\amssymb.sty
Package: amssymb 2009/06/22 v3.00

(C:\CTEX\MiKTeX\tex\latex\amsfonts\amsfonts.sty
Package: amsfonts 2009/06/22 v3.00 Basic AMSFonts support
\@emptytoks=\toks18
\symAMSa=\mathgroup4
\symAMSb=\mathgroup5
LaTeX Font Info:    Overwriting math alphabet `\mathfrak' in version `bold'
(Font)                  U/euf/m/n --> U/euf/b/n on input line 96.
))
(C:\CTEX\MiKTeX\tex\latex\ams\math\amsmath.sty
Package: amsmath 2000/07/18 v2.13 AMS math features
\@mathmargin=\skip57

For additional information on amsmath, use the `?' option.
(C:\CTEX\MiKTeX\tex\latex\ams\math\amstext.sty
Package: amstext 2000/06/29 v2.01

(C:\CTEX\MiKTeX\tex\latex\ams\math\amsgen.sty
File: amsgen.sty 1999/11/30 v2.0
\@emptytoks=\toks19
\ex@=\dimen119
))
(C:\CTEX\MiKTeX\tex\latex\ams\math\amsbsy.sty
Package: amsbsy 1999/11/29 v1.2d
\pmbraise@=\dimen120
)
(C:\CTEX\MiKTeX\tex\latex\ams\math\amsopn.sty
Package: amsopn 1999/12/14 v2.01 operator names
)
\inf@bad=\count223
LaTeX Info: Redefining \frac on input line 211.
\uproot@=\count224
\leftroot@=\count225
LaTeX Info: Redefining \overline on input line 307.
\classnum@=\count226
\DOTSCASE@=\count227
LaTeX Info: Redefining \ldots on input line 379.
LaTeX Info: Redefining \dots on input line 382.
LaTeX Info: Redefining \cdots on input line 467.
\Mathstrutbox@=\box31
\strutbox@=\box32
\big@size=\dimen121
LaTeX Font Info:    Redeclaring font encoding OML on input line 567.
LaTeX Font Info:    Redeclaring font encoding OMS on input line 568.
\macc@depth=\count228
\c@MaxMatrixCols=\count229
\dotsspace@=\muskip11
\c@parentequation=\count230
\dspbrk@lvl=\count231
\tag@help=\toks20
\row@=\count232
\column@=\count233
Normal \count register pool exhausted, switching to extended pool.
\maxfields@=\count277
\andhelp@=\toks21
\eqnshift@=\dimen122
\alignsep@=\dimen123
\tagshift@=\dimen124
\tagwidth@=\dimen125
\totwidth@=\dimen126
\lineht@=\dimen127
\@envbody=\toks22
\multlinegap=\skip58
\multlinetaggap=\skip59
\mathdisplay@stack=\toks23
LaTeX Info: Redefining \[ on input line 2666.
LaTeX Info: Redefining \] on input line 2667.
)
(C:\CTEX\MiKTeX\tex\latex\mh\mathtools.sty
Package: mathtools 2011/04/06 v1.11 mathematical typesetting tools

(C:\CTEX\MiKTeX\tex\latex\tools\calc.sty
Package: calc 2007/08/22 v4.3 Infix arithmetic (KKT,FJ)
\calc@Acount=\count278
\calc@Bcount=\count279
\calc@Adimen=\dimen128
\calc@Bdimen=\dimen129
\calc@Askip=\skip60
\calc@Bskip=\skip61
LaTeX Info: Redefining \setlength on input line 76.
LaTeX Info: Redefining \addtolength on input line 77.
\calc@Ccount=\count280
\calc@Cskip=\skip62
)
(C:\CTEX\MiKTeX\tex\latex\mh\mhsetup.sty
Package: mhsetup 2010/01/21 v1.2a programming setup (MH)
)
\g_MT_multlinerow_int=\count281
\l_MT_multwidth_dim=\dimen130
\origjot=\skip63
\l_MT_shortvdotswithinadjustabove_dim=\dimen131
\l_MT_shortvdotswithinadjustbelow_dim=\dimen132
)
(C:\CTEX\MiKTeX\tex\latex\algorithms\algorithm.sty
Package: algorithm 2009/08/24 v0.1 Document Style `algorithm' - floating enviro
nment

(C:\CTEX\MiKTeX\tex\latex\float\float.sty
Package: float 2001/11/08 v1.3d Float enhancements (AL)
\c@float@type=\count282
\float@exts=\toks24
\float@box=\box33
\@float@everytoks=\toks25
\@floatcapt=\box34
)
\@float@every@algorithm=\toks26
\c@algorithm=\count283
)
(C:\CTEX\MiKTeX\tex\latex\algorithmicx\algpseudocode.sty
Package: algpseudocode 

(C:\CTEX\MiKTeX\tex\latex\algorithmicx\algorithmicx.sty
Package: algorithmicx 2005/04/27 v1.2 Algorithmicx

Document Style algorithmicx 1.2 - a greatly improved `algorithmic' style
\c@ALG@line=\count284
\c@ALG@rem=\count285
\c@ALG@nested=\count286
\ALG@tlm=\skip64
\ALG@thistlm=\skip65
\c@ALG@Lnr=\count287
\c@ALG@blocknr=\count288
\c@ALG@storecount=\count289
\c@ALG@tmpcounter=\count290
\ALG@tmplength=\skip66
)
Document Style - pseudocode environments for use with the `algorithmicx' style
)

! Package biblatex Error: Incompatible package 'natbib'.

See the biblatex package documentation for explanation.
Type  H <return>  for immediate help.
 ...                                              
                                                  
l.95 \begin{document}
                     
The 'natbib' package and biblatex are incompatible.

Package biblatex Info: Trying to load language 'english'...
Package biblatex Info: ... file 'english.lbx' found.
(C:\CTEX\MiKTeX\tex\latex\biblatex\lbx\english.lbx
File: english.lbx 2011/11/13 v1.7 biblatex localization
)
\@quotelevel=\count291
\@quotereset=\count292

("C:\Users\Zhiguo\OneDrive - CentraleSupelec\Paris\Research\Collaborators\Andre
aBelle\andrea_1st_paper\EEET2493_labreport_template.aux")
LaTeX Font Info:    Checking defaults for OML/cmm/m/it on input line 95.
LaTeX Font Info:    ... okay on input line 95.
LaTeX Font Info:    Checking defaults for T1/cmr/m/n on input line 95.
LaTeX Font Info:    ... okay on input line 95.
LaTeX Font Info:    Checking defaults for OT1/cmr/m/n on input line 95.
LaTeX Font Info:    ... okay on input line 95.
LaTeX Font Info:    Checking defaults for OMS/cmsy/m/n on input line 95.
LaTeX Font Info:    ... okay on input line 95.
LaTeX Font Info:    Checking defaults for OMX/cmex/m/n on input line 95.
LaTeX Font Info:    ... okay on input line 95.
LaTeX Font Info:    Checking defaults for U/cmr/m/n on input line 95.
LaTeX Font Info:    ... okay on input line 95.
LaTeX Font Info:    Checking defaults for PD1/pdf/m/n on input line 95.
LaTeX Font Info:    ... okay on input line 95.

(C:\CTEX\MiKTeX\tex\context\base\supp-pdf.mkii
[Loading MPS to PDF converter (version 2006.09.02).]
\scratchcounter=\count293
\scratchdimen=\dimen133
\scratchbox=\box35
\nofMPsegments=\count294
\nofMParguments=\count295
\everyMPshowfont=\toks27
\MPscratchCnt=\count296
\MPscratchDim=\dimen134
\MPnumerator=\count297
\makeMPintoPDFobject=\count298
\everyMPtoPDFconversion=\toks28
)
\AtBeginShipoutBox=\box36
Package hyperref Info: Link coloring OFF on input line 95.
 (C:\CTEX\MiKTeX\tex\latex\hyperref\nameref.sty
Package: nameref 2010/04/30 v2.40 Cross-referencing by name of section

(C:\CTEX\MiKTeX\tex\generic\oberdiek\gettitlestring.sty
Package: gettitlestring 2010/12/03 v1.4 Cleanup title references (HO)
)
\c@section@level=\count299
)
LaTeX Info: Redefining \ref on input line 95.
LaTeX Info: Redefining \pageref on input line 95.
LaTeX Info: Redefining \nameref on input line 95.

("C:\Users\Zhiguo\OneDrive - CentraleSupelec\Paris\Research\Collaborators\Andre
aBelle\andrea_1st_paper\EEET2493_labreport_template.out")
("C:\Users\Zhiguo\OneDrive - CentraleSupelec\Paris\Research\Collaborators\Andre
aBelle\andrea_1st_paper\EEET2493_labreport_template.out")
\@outlinefile=\write6
Package biblatex Info: No input encoding detected.
(biblatex)             Assuming 'ascii'.
Package biblatex Info: Automatic encoding selection.
(biblatex)             Assuming data encoding 'ascii'.
Package biblatex Info: Trying to load bibliographic data...
Package biblatex Info: ... file 'EEET2493_labreport_template.bbl' not found.

No file EEET2493_labreport_template.bbl.
Package biblatex Info: Reference section=0 on input line 95.
Package biblatex Info: Reference segment=0 on input line 95.
LaTeX Font Info:    Try loading font information for U+msa on input line 129.
(C:\CTEX\MiKTeX\tex\latex\amsfonts\umsa.fd
File: umsa.fd 2009/06/22 v3.00 AMS symbols A
)
LaTeX Font Info:    Try loading font information for U+msb on input line 129.

(C:\CTEX\MiKTeX\tex\latex\amsfonts\umsb.fd
File: umsb.fd 2009/06/22 v3.00 AMS symbols B
)
Missing character: There is no Ã in font cmr8!
Missing character: There is no ¨ in font cmr8!
Missing character: There is no Ã in font cmr10!
Missing character: There is no ¨ in font cmr10!
Missing character: There is no Ã in font cmti8!
Missing character: There is no © in font cmti8!
Missing character: There is no Ã in font cmti8!
Missing character: There is no © in font cmti8!
Missing character: There is no Ã in font cmti8!
Missing character: There is no © in font cmti8!
 [1


{C:/CTEX/UserData/pdftex/config/pdftex.map{Unicode.sfd}{UGBK.sfd}}]
No file EEET2493_labreport_template.nls.

LaTeX Warning: Citation 'buldyrev2010catastrophic' on page 2 undefined on input
 line 229.


LaTeX Warning: Citation 'johansson2011vulnerability' on page 2 undefined on inp
ut line 229.

! Undefined control sequence.
l.229 ...2011vulnerability} as the process of \say
                                                  {systematic  and  comprehe...
The control sequence at the end of the top line
of your error message was never \def'ed. If you have
misspelled it (e.g., `\hobx'), type `I' and the correct
spelling (e.g., `I\hbox'). Otherwise just continue,
and I'll forget about whatever was undefined.


LaTeX Warning: Citation 'pant2016vulnerability' on page 2 undefined on input li
ne 230.


LaTeX Warning: Citation 'GBblackout_1' on page 2 undefined on input line 230.


LaTeX Warning: Citation 'GBblackout_2' on page 2 undefined on input line 230.


LaTeX Warning: Citation 'uicenews616' on page 2 undefined on input line 230.

[2]

LaTeX Warning: Citation 'mattsson2015vulnerability' on page 3 undefined on inpu
t line 234.


LaTeX Warning: Citation 'reggiani2015transport' on page 3 undefined on input li
ne 234.


LaTeX Warning: Citation 'ouyang2014comparisons' on page 3 undefined on input li
ne 234.


LaTeX Warning: Citation 'chen2007network' on page 3 undefined on input line 234
.


LaTeX Warning: Citation 'ouyang2015vulnerability' on page 3 undefined on input 
line 234.


LaTeX Warning: Citation 'hong2015vulnerability' on page 3 undefined on input li
ne 234.


LaTeX Warning: Citation 'zhang2016structural' on page 3 undefined on input line
 234.


LaTeX Warning: Citation 'yan2017pre' on page 3 undefined on input line 234.


LaTeX Warning: Citation 'ye2019assessing' on page 3 undefined on input line 234
.


LaTeX Warning: Citation 'lu2019vulnerability' on page 3 undefined on input line
 234.


LaTeX Warning: Citation 'hong2019spatiotemporal' on page 3 undefined on input l
ine 234.


LaTeX Warning: Citation 'fang2020vulnerability' on page 3 undefined on input li
ne 234.


LaTeX Warning: Citation 'berche2009resilience' on page 3 undefined on input lin
e 234.


LaTeX Warning: Citation 'berche2012transportation' on page 3 undefined on input
 line 234.


LaTeX Warning: Citation 'derrible2010complexity' on page 3 undefined on input l
ine 234.


LaTeX Warning: Citation 'rodriguez2014measuring' on page 3 undefined on input l
ine 234.


LaTeX Warning: Citation 'de2012evaluating' on page 3 undefined on input line 23
4.


LaTeX Warning: Citation 'gedik2014vulnerability' on page 3 undefined on input l
ine 234.


LaTeX Warning: Citation 'abedi2019review' on page 3 undefined on input line 235
.


LaTeX Warning: Citation 'wang2013vulnerability' on page 3 undefined on input li
ne 235.


LaTeX Warning: Citation 'ouyang2016critical' on page 3 undefined on input line 
235.


LaTeX Warning: Citation 'ouyang2009methodological' on page 3 undefined on input
 line 235.


LaTeX Warning: Citation 'fang2019adaptive' on page 3 undefined on input line 23
5.


LaTeX Warning: Citation 'zhang2016modeling' on page 3 undefined on input line 2
35.


LaTeX Warning: Citation 'almoghathawi2019resilience' on page 3 undefined on inp
ut line 235.


LaTeX Warning: Citation 'zhang2014approach' on page 3 undefined on input line 2
36.


LaTeX Warning: Citation 'zio2010modeling' on page 3 undefined on input line 236
.


LaTeX Warning: Citation 'zio2011modeling' on page 3 undefined on input line 236
.


LaTeX Warning: Citation 'johansson2010approach' on page 3 undefined on input li
ne 236.


LaTeX Warning: Citation 'johansson2011vulnerability' on page 3 undefined on inp
ut line 236.


LaTeX Warning: Citation 'pant2016vulnerability' on page 3 undefined on input li
ne 236.


LaTeX Warning: Citation 'adjetey2016model' on page 3 undefined on input line 23
6.


LaTeX Warning: Citation 'dorbritz2011assessing' on page 3 undefined on input li
ne 236.


LaTeX Warning: Citation 'zhang2014approach' on page 3 undefined on input line 2
37.


LaTeX Warning: Citation 'zio2010modeling' on page 3 undefined on input line 237
.


LaTeX Warning: Citation 'zio2011modeling' on page 3 undefined on input line 237
.


LaTeX Warning: Citation 'motter2002cascade' on page 3 undefined on input line 2
37.


LaTeX Warning: Citation 'crucitti2004model' on page 3 undefined on input line 2
37.


Overfull \hbox (30.63757pt too wide) in paragraph at lines 234--238
\OT1/cmr/m/n/10 net-works con-sid-er-ing cas-cad-ing fail-ures is s-tud-ied. In
 [[]],
 []


Overfull \hbox (1.21848pt too wide) in paragraph at lines 234--238
\OT1/cmr/m/n/10 [[]], the au-thors pro-pose a network-based ap-proach for mod-
 []


Overfull \hbox (3.499pt too wide) in paragraph at lines 234--238
\OT1/cmr/m/n/10 anal-y-sis. A sim-i-lar ap-proach is al-so pro-posed in [[]],
 []


Overfull \hbox (4.8262pt too wide) in paragraph at lines 234--238
\OT1/cmr/m/n/10 fail-ures with-in the pow-er net-works are con-sid-ered on-ly i
n [[]],
 []


Overfull \hbox (2.70903pt too wide) in paragraph at lines 234--238
\OT1/cmr/m/n/10 ap-proach based on net-work the-o-ry [[]][[]].
 []

[3] [4] [5] [6]
LaTeX Font Info:    Try loading font information for OMS+cmr on input line 245.

 (C:\CTEX\MiKTeX\tex\latex\base\omscmr.fd
File: omscmr.fd 1999/05/25 v2.5h Standard LaTeX font definitions
)
LaTeX Font Info:    Font shape `OMS/cmr/m/n' in size <10> not available
(Font)              Font shape `OMS/cmsy/m/n' tried instead on input line 245.
 [7]

LaTeX Warning: Citation 'johansson2011vulnerability' on page 8 undefined on inp
ut line 262.


LaTeX Warning: Citation 'mcdaniels2007empirical' on page 8 undefined on input l
ine 262.


LaTeX Warning: Citation 'rinaldi2001identifying' on page 8 undefined on input l
ine 262.


! Package pdftex.def Error: File ` images/NoN.png' not found.

See the pdftex.def package documentation for explanation.
Type  H <return>  for immediate help.
 ...                                              
                                                  
l.265 ...cludegraphics[width=6cm]{ images/NoN.png}
                                                  
Using draft setting for this image.
Try typing  <return>  to proceed.
If that doesn't work, type  X <return>  to quit.


Overfull \hbox (58.97527pt too wide) in paragraph at lines 262--269
\OT1/cmr/m/n/10 u-ni-di-rec-tion-al in-ter-de-pen-den-cy [[]][[]],
 []

[8pdfTeX warning (ext4): destination with the same identifier (name{figure.1}) 
has been already used, duplicate ignored

\AtBegShi@Output ...ipout \box \AtBeginShipoutBox 
                                                  \fi \fi 
l.270 	\subsection{Modeling initiating events}
                                              ]

LaTeX Warning: Citation 'johansson2011vulnerability' on page 9 undefined on inp
ut line 271.


LaTeX Warning: Citation 'pant2016vulnerability' on page 9 undefined on input li
ne 271.

[9] <images/algo_ie.png, id=168, 334.851pt x 399.4122pt>
File: images/algo_ie.png Graphic file (type png)

<use images/algo_ie.png>
Package pdftex.def Info: images/algo_ie.png used on input line 293.
(pdftex.def)             Requested size: 142.26378pt x 169.69614pt.
 [10pdfTeX warning (ext4): destination with the same identifier (name{figure.2}
) has been already used, duplicate ignored

\AtBegShi@Output ...ipout \box \AtBeginShipoutBox 
                                                  \fi \fi 
l.302 
       <C:/Users/Zhiguo/OneDrive - CentraleSupelec/Paris/Research/Collaborators
/AndreaBelle/andrea_1st_paper/images/algo_ie.png>]
! Undefined control sequence.
l.304 	Cascading failure is defined as a \say
                                             {kind of failure in a system co...
The control sequence at the end of the top line
of your error message was never \def'ed. If you have
misspelled it (e.g., `\hobx'), type `I' and the correct
spelling (e.g., `I\hbox'). Otherwise just continue,
and I'll forget about whatever was undefined.


LaTeX Warning: Citation 'mahmoud2019networked' on page 11 undefined on input li
ne 304.

[11] <images/algo_rail.png, id=194, 443.256pt x 317.0244pt>
File: images/algo_rail.png Graphic file (type png)

<use images/algo_rail.png>
Package pdftex.def Info: images/algo_rail.png used on input line 342.
(pdftex.def)             Requested size: 227.62204pt x 162.79773pt.
 [12pdfTeX warning (ext4): destination with the same identifier (name{figure.3}
) has been already used, duplicate ignored

\AtBegShi@Output ...ipout \box \AtBeginShipoutBox 
                                                  \fi \fi 
l.347 
       <C:/Users/Zhiguo/OneDrive - CentraleSupelec/Paris/Research/Collaborators
/AndreaBelle/andrea_1st_paper/images/algo_rail.png>]

LaTeX Warning: Citation 'guo2017critical' on page 13 undefined on input line 34
9.


LaTeX Warning: Citation 'dobson2001initial' on page 13 undefined on input line 
349.


LaTeX Warning: Citation 'carreras2002critical' on page 13 undefined on input li
ne 349.


LaTeX Warning: Citation 'carreras2013validating' on page 13 undefined on input 
line 349.

<images/algo_opa.png, id=208, 670.6656pt x 536.7252pt>
File: images/algo_opa.png Graphic file (type png)

<use images/algo_opa.png>
Package pdftex.def Info: images/algo_opa.png used on input line 352.
(pdftex.def)             Requested size: 341.43306pt x 273.24303pt.
 [13] [14pdfTeX warning (ext4): destination with the same identifier (name{figu
re.4}) has been already used, duplicate ignored

\AtBegShi@Output ...ipout \box \AtBeginShipoutBox 
                                                  \fi \fi 
l.360 	\end{equation}
                      <C:/Users/Zhiguo/OneDrive - CentraleSupelec/Paris/Researc
h/Collaborators/AndreaBelle/andrea_1st_paper/images/algo_opa.png>]

LaTeX Warning: Citation 'pandapower.2018' on page 15 undefined on input line 37
9.


LaTeX Warning: Citation 'cupac2013comparing' on page 15 undefined on input line
 379.

[15] [16]
! Undefined control sequence.
l.408 ...ftarrow p}^{P_L}=1$, it represents a \say
                                                  {zero-tolerance} situation...
The control sequence at the end of the top line
of your error message was never \def'ed. If you have
misspelled it (e.g., `\hobx'), type `I' and the correct
spelling (e.g., `I\hbox'). Otherwise just continue,
and I'll forget about whatever was undefined.

<images/algo_between.png, id=248, 583.4598pt x 526.1256pt>
File: images/algo_between.png Graphic file (type png)

<use images/algo_between.png>
Package pdftex.def Info: images/algo_between.png used on input line 411.
(pdftex.def)             Requested size: 341.43306pt x 307.89061pt.


LaTeX Warning: `h' float specifier changed to `ht'.

[17]

LaTeX Warning: Citation 'johansson2013reliability' on page 18 undefined on inpu
t line 418.

[18pdfTeX warning (ext4): destination with the same identifier (name{figure.5})
 has been already used, duplicate ignored

\AtBegShi@Output ...ipout \box \AtBeginShipoutBox 
                                                  \fi \fi 
l.420 	\begin{equation}
                        <C:/Users/Zhiguo/OneDrive - CentraleSupelec/Paris/Resea
rch/Collaborators/AndreaBelle/andrea_1st_paper/images/algo_between.png>]

LaTeX Warning: Citation 'ouyang2014comparisons' on page 19 undefined on input l
ine 429.


LaTeX Warning: Citation 'greengauge2009fast' on page 19 undefined on input line
 439.


LaTeX Warning: Citation 'bukhsh2013network' on page 19 undefined on input line 
439.


LaTeX Warning: Citation 'bukhsh2013network' on page 19 undefined on input line 
459.

[19] [20pdfTeX warning (ext4): destination with the same identifier (name{table
.1}) has been already used, duplicate ignored

\AtBegShi@Output ...ipout \box \AtBeginShipoutBox 
                                                  \fi \fi 
l.462 \item
            Vulnerability of railway network due to random removals in the p...
] [21] <images/algo_scenario_1.png, id=310, 655.248pt x 408.5664pt>
File: images/algo_scenario_1.png Graphic file (type png)

<use images/algo_scenario_1.png>
Package pdftex.def Info: images/algo_scenario_1.png used on input line 491.
(pdftex.def)             Requested size: 341.43306pt x 212.89838pt.

<images/algo_simulation.png, id=311, 660.066pt x 540.5796pt>
File: images/algo_simulation.png Graphic file (type png)

<use images/algo_simulation.png>
Package pdftex.def Info: images/algo_simulation.png used on input line 497.
(pdftex.def)             Requested size: 341.43306pt x 279.62651pt.
 [22]

LaTeX Warning: `h' float specifier changed to `ht'.

[23pdfTeX warning (ext4): destination with the same identifier (name{figure.6})
 has been already used, duplicate ignored

\AtBegShi@Output ...ipout \box \AtBeginShipoutBox 
                                                  \fi \fi 
l.503 \begin{equation}
                       <C:/Users/Zhiguo/OneDrive - CentraleSupelec/Paris/Resear
ch/Collaborators/AndreaBelle/andrea_1st_paper/images/algo_scenario_1.png>]
[24pdfTeX warning (ext4): destination with the same identifier (name{figure.7})
 has been already used, duplicate ignored

\AtBegShi@Output ...ipout \box \AtBeginShipoutBox 
                                                  \fi \fi 
l.512 
       <C:/Users/Zhiguo/OneDrive - CentraleSupelec/Paris/Research/Collaborators
/AndreaBelle/andrea_1st_paper/images/algo_simulation.png>]

! Package pdftex.def Error: File ` images/regions_both.png' not found.

See the pdftex.def package documentation for explanation.
Type  H <return>  for immediate help.
 ...                                              
                                                  
l.515 ...hics[width=8cm]{ images/regions_both.png}
                                                  
Using draft setting for this image.
Try typing  <return>  to proceed.
If that doesn't work, type  X <return>  to quit.

[25pdfTeX warning (ext4): destination with the same identifier (name{figure.8})
 has been already used, duplicate ignored

\AtBegShi@Output ...ipout \box \AtBeginShipoutBox 
                                                  \fi \fi 
l.526 
      ]
<images/vuln_conn_power_to_rail.png, id=340, 1229.59375pt x 901.3675pt>
File: images/vuln_conn_power_to_rail.png Graphic file (type png)

<use images/vuln_conn_power_to_rail.png>
Package pdftex.def Info: images/vuln_conn_power_to_rail.png used on input line 
532.
(pdftex.def)             Requested size: 227.62204pt x 166.8604pt.
 [26pdfTeX warning (ext4): destination with the same identifier (name{figure.9}
) has been already used, duplicate ignored

\AtBegShi@Output ...ipout \box \AtBeginShipoutBox 
                                                  \fi \fi 
l.537 ... contribution of different failure modes}
                                                   <C:/Users/Zhiguo/OneDrive - 
CentraleSupelec/Paris/Research/Collaborators/AndreaBelle/andrea_1st_paper/image
s/vuln_conn_power_to_rail.png>]
<images/perc_fail_power_to_rail.png, id=350, 1229.59375pt x 1056.94875pt>
File: images/perc_fail_power_to_rail.png Graphic file (type png)

<use images/perc_fail_power_to_rail.png>
Package pdftex.def Info: images/perc_fail_power_to_rail.png used on input line 
546.
(pdftex.def)             Requested size: 227.62204pt x 195.66147pt.


LaTeX Warning: `h' float specifier changed to `ht'.

[27] [28pdfTeX warning (ext4): destination with the same identifier (name{figur
e.10}) has been already used, duplicate ignored

\AtBegShi@Output ...ipout \box \AtBeginShipoutBox 
                                                  \fi \fi 
l.557 
       <C:/Users/Zhiguo/OneDrive - CentraleSupelec/Paris/Research/Collaborators
/AndreaBelle/andrea_1st_paper/images/perc_fail_power_to_rail.png>] [29]
<images/vuln_rail_ccf_100.png, id=386, 836.12375pt x 742.775pt>
File: images/vuln_rail_ccf_100.png Graphic file (type png)

<use images/vuln_rail_ccf_100.png>
Package pdftex.def Info: images/vuln_rail_ccf_100.png used on input line 585.
(pdftex.def)             Requested size: 227.62204pt x 202.20667pt.


LaTeX Warning: `h' float specifier changed to `ht'.

<images/vuln_power_ccf_100.png, id=387, 836.12375pt x 742.775pt>
File: images/vuln_power_ccf_100.png Graphic file (type png)

<use images/vuln_power_ccf_100.png>
Package pdftex.def Info: images/vuln_power_ccf_100.png used on input line 592.
(pdftex.def)             Requested size: 227.62204pt x 202.20667pt.


LaTeX Warning: `h' float specifier changed to `ht'.

[30] [31pdfTeX warning (ext4): destination with the same identifier (name{figur
e.11}) has been already used, duplicate ignored

\AtBegShi@Output ...ipout \box \AtBeginShipoutBox 
                                                  \fi \fi 
l.611 
       <C:/Users/Zhiguo/OneDrive - CentraleSupelec/Paris/Research/Collaborators
/AndreaBelle/andrea_1st_paper/images/vuln_rail_ccf_100.png>]
! Undefined control sequence.
l.614 ...failure mode 2), due to the possible \say
                                                  {long-range} features of t...
The control sequence at the end of the top line
of your error message was never \def'ed. If you have
misspelled it (e.g., `\hobx'), type `I' and the correct
spelling (e.g., `I\hbox'). Otherwise just continue,
and I'll forget about whatever was undefined.

[32pdfTeX warning (ext4): destination with the same identifier (name{figure.12}
) has been already used, duplicate ignored

\AtBegShi@Output ...ipout \box \AtBeginShipoutBox 
                                                  \fi \fi 
l.617 
       <C:/Users/Zhiguo/OneDrive - CentraleSupelec/Paris/Research/Collaborators
/AndreaBelle/andrea_1st_paper/images/vuln_power_ccf_100.png>] [33] [34]

LaTeX Warning: Citation 'fang2017emergence' on page 35 undefined on input line 
676.

[35pdfTeX warning (ext4): destination with the same identifier (name{table.2}) 
has been already used, duplicate ignored

\AtBegShi@Output ...ipout \box \AtBeginShipoutBox 
                                                  \fi \fi 
l.677 
      ] [36]
<images/vuln_regions_t100.png, id=436, 2881.76625pt x 1471.4975pt>
File: images/vuln_regions_t100.png Graphic file (type png)

<use images/vuln_regions_t100.png>
Package pdftex.def Info: images/vuln_regions_t100.png used on input line 686.
(pdftex.def)             Requested size: 512.1496pt x 261.51259pt.


LaTeX Warning: Float too large for page by 21.45515pt on input line 689.


LaTeX Warning: `h' float specifier changed to `ht'.

<images/vuln_regions_t50.png, id=437, 2881.76625pt x 1471.4975pt>
File: images/vuln_regions_t50.png Graphic file (type png)

<use images/vuln_regions_t50.png>
Package pdftex.def Info: images/vuln_regions_t50.png used on input line 693.
(pdftex.def)             Requested size: 512.1496pt x 261.51259pt.


LaTeX Warning: Float too large for page by 21.45515pt on input line 696.


LaTeX Warning: `h' float specifier changed to `ht'.

<images/vuln_regions_t0.png, id=438, 2881.76625pt x 1471.4975pt>
File: images/vuln_regions_t0.png Graphic file (type png)

<use images/vuln_regions_t0.png>
Package pdftex.def Info: images/vuln_regions_t0.png used on input line 702.
(pdftex.def)             Requested size: 512.1496pt x 261.51259pt.


LaTeX Warning: Float too large for page by 21.45515pt on input line 705.


LaTeX Warning: `h' float specifier changed to `ht'.

[37]

LaTeX Warning: Citation 'grainger2003power' on page 38 undefined on input line 
752.


LaTeX Warning: Citation 'van2014dc' on page 38 undefined on input line 752.


LaTeX Warning: Citation 'glover2012power' on page 38 undefined on input line 75
2.


LaTeX Warning: Citation 'glover2012power' on page 38 undefined on input line 75
2.


LaTeX Warning: Citation 'li2014risk' on page 38 undefined on input line 752.


LaTeX Warning: Empty bibliography on input line 775.

Package atveryend Info: Empty hook `BeforeClearDocument' on input line 783.
[38] [39pdfTeX warning (ext4): destination with the same identifier (name{figur
e.13}) has been already used, duplicate ignored

\AtBegShi@Output ...ipout \box \AtBeginShipoutBox 
                                                  \fi \fi 
l.783 \end{document}
                     <C:/Users/Zhiguo/OneDrive - CentraleSupelec/Paris/Research
/Collaborators/AndreaBelle/andrea_1st_paper/images/vuln_regions_t100.png>]
[40pdfTeX warning (ext4): destination with the same identifier (name{figure.14}
) has been already used, duplicate ignored

\AtBegShi@Output ...ipout \box \AtBeginShipoutBox 
                                                  \fi \fi 
l.783 \end{document}
                     <C:/Users/Zhiguo/OneDrive - CentraleSupelec/Paris/Research
/Collaborators/AndreaBelle/andrea_1st_paper/images/vuln_regions_t50.png>]
[41pdfTeX warning (ext4): destination with the same identifier (name{figure.15}
) has been already used, duplicate ignored

\AtBegShi@Output ...ipout \box \AtBeginShipoutBox 
                                                  \fi \fi 
l.783 \end{document}
                     <C:/Users/Zhiguo/OneDrive - CentraleSupelec/Paris/Research
/Collaborators/AndreaBelle/andrea_1st_paper/images/vuln_regions_t0.png>]
Package atveryend Info: Empty hook `AfterLastShipout' on input line 783.

("C:\Users\Zhiguo\OneDrive - CentraleSupelec\Paris\Research\Collaborators\Andre
aBelle\andrea_1st_paper\EEET2493_labreport_template.aux")
Package atveryend Info: Executing hook `AtVeryEndDocument' on input line 783.


 *File List*
elsarticle.cls    2009/09/17, 1.2.0: Elsevier Ltd
 article.cls    2007/10/19 v1.4h Standard LaTeX document class
  size10.clo    2007/10/19 v1.4h Standard LaTeX file (size option)
graphicx.sty    1999/02/16 v1.0f Enhanced LaTeX Graphics (DPC,SPQR)
  keyval.sty    1999/03/16 v1.13 key=value parser (DPC)
graphics.sty    2009/02/05 v1.0o Standard LaTeX Graphics (DPC,SPQR)
    trig.sty    1999/03/16 v1.09 sin cos tan (DPC)
graphics.cfg    2007/01/18 v1.5 graphics configuration of teTeX/TeXLive
  pdftex.def    2011/05/27 v0.06d Graphics/color for pdfTeX
infwarerr.sty    2010/04/08 v1.3 Providing info/warning/message (HO)
 ltxcmds.sty    2011/04/18 v1.20 LaTeX kernel commands for general use (HO)
  pifont.sty    2005/04/12 PSNFSS-v9.2a Pi font support (SPQR) 
    upzd.fd    2001/06/04 font definitions for U/pzd.
    upsy.fd    2001/06/04 font definitions for U/psy.
EEET2493_labreport_template.spl
  natbib.sty    2010/09/13 8.31b (PWD, AO)
  lineno.sty    2005/11/02 line numbers on paragraphs v4.41
hyperref.sty    2012/02/06 v6.82o Hypertext links for LaTeX
hobsub-hyperref.sty    2011/04/23 v1.4 Bundle oberdiek, subset hyperref (HO)
hobsub-generic.sty    2011/04/23 v1.4 Bundle oberdiek, subset generic (HO)
  hobsub.sty    2011/04/23 v1.4 Subsetting bundle oberdiek (HO)
ifluatex.sty    2010/03/01 v1.3 Provides the ifluatex switch (HO)
  ifvtex.sty    2010/03/01 v1.5 Switches for detecting VTeX and its modes (HO)
 intcalc.sty    2007/09/27 v1.1 Expandable integer calculations (HO)
   ifpdf.sty    2011/01/30 v2.3 Provides the ifpdf switch (HO)
etexcmds.sty    2011/02/16 v1.5 Prefix for e-TeX command names (HO)
kvsetkeys.sty    2011/04/07 v1.13 Key value parser (HO)
kvdefinekeys.sty    2011/04/07 v1.3 Defining keys (HO)
pdftexcmds.sty    2011/04/22 v0.16 Utilities of pdfTeX for LuaTeX (HO)
pdfescape.sty    2011/04/04 v1.12 Provides string conversions (HO)
bigintcalc.sty    2011/01/30 v1.2 Expandable big integer calculations (HO)
  bitset.sty    2011/01/30 v1.1 Data type bit set (HO)
uniquecounter.sty    2011/01/30 v1.2 Provides unlimited unique counter (HO)
letltxmacro.sty    2010/09/02 v1.4 Let assignment for LaTeX macros (HO)
 hopatch.sty    2011/01/30 v1.0 Wrapper for package hooks (HO)
xcolor-patch.sty    2011/01/30 xcolor patch
atveryend.sty    2011/04/23 v1.7 Hooks at very end of document (HO)
atbegshi.sty    2011/01/30 v1.15 At begin shipout hook (HO)
refcount.sty    2010/12/01 v3.2 Data extraction from references (HO)
 hycolor.sty    2011/01/30 v1.7 Color options of hyperref/bookmark (HO)
 ifxetex.sty    2010/09/12 v0.6 Provides ifxetex conditional
kvoptions.sty    2010/12/23 v3.10 Keyval support for LaTeX options (HO)
  pd1enc.def    2012/02/06 v6.82o Hyperref: PDFDocEncoding definition (HO)
hyperref.cfg    2002/06/06 v1.2 hyperref configuration of TeXLive
     url.sty    2006/04/12  ver 3.3  Verb mode for urls, etc.
 hpdftex.def    2012/02/06 v6.82o Hyperref driver for pdfTeX
rerunfilecheck.sty    2011/04/15 v1.7 Rerun checks for auxiliary files (HO)
biblatex.sty    2011/11/13 v1.7 programmable bibliographies
etoolbox.sty    2011/01/03 v2.1 e-TeX tools for LaTeX
    etex.sty    1998/03/26 v2.0 eTeX basic definition package (PEB)
  logreq.sty    2010/08/04 v1.0 xml request logger
  logreq.def    2010/08/04 v1.0 logreq spec v1.0
  ifthen.sty    2001/05/26 v1.1c Standard LaTeX ifthen package (DPC)
blx-compat.def    2011/11/13 v1.7 biblatex generic compatibility
biblatex.def    2011/11/13 v1.7 biblatex generic definitions
standard.bbx    2011/11/13 v1.7 biblatex bibliography style
 numeric.bbx    2011/11/13 v1.7 biblatex bibliography style
numeric-comp.bbx    2011/11/13 v1.7 biblatex bibliography style
    ieee.bbx    2011/05/09 v1.0b biblatex bibliography style
numeric-comp.cbx    2011/11/13 v1.7 biblatex citation style
    ieee.cbx    2011/05/09 v1.0b biblatex citation style
biblatex.cfg    
 nomencl.sty    2005/09/22 v4.2 Nomenclature package (LN)
 amssymb.sty    2009/06/22 v3.00
amsfonts.sty    2009/06/22 v3.00 Basic AMSFonts support
 amsmath.sty    2000/07/18 v2.13 AMS math features
 amstext.sty    2000/06/29 v2.01
  amsgen.sty    1999/11/30 v2.0
  amsbsy.sty    1999/11/29 v1.2d
  amsopn.sty    1999/12/14 v2.01 operator names
mathtools.sty    2011/04/06 v1.11 mathematical typesetting tools
    calc.sty    2007/08/22 v4.3 Infix arithmetic (KKT,FJ)
 mhsetup.sty    2010/01/21 v1.2a programming setup (MH)
algorithm.sty    2009/08/24 v0.1 Document Style `algorithm' - floating environm
ent
   float.sty    2001/11/08 v1.3d Float enhancements (AL)
algpseudocode.sty    
algorithmicx.sty    2005/04/27 v1.2 Algorithmicx
 english.lbx    2011/11/13 v1.7 biblatex localization
supp-pdf.mkii
 nameref.sty    2010/04/30 v2.40 Cross-referencing by name of section
gettitlestring.sty    2010/12/03 v1.4 Cleanup title references (HO)
EEET2493_labreport_template.out
EEET2493_labreport_template.out
    umsa.fd    2009/06/22 v3.00 AMS symbols A
    umsb.fd    2009/06/22 v3.00 AMS symbols B
  omscmr.fd    1999/05/25 v2.5h Standard LaTeX font definitions
images/algo_ie.png
images/algo_rail.png
images/algo_opa.png
images/algo_between.png
images/algo_scenario_1.png
images/algo_simulation.png
images/vuln_conn_power_to_rail.png
images/perc_fail_power_to_rail.png
images/vuln_rail_ccf_100.png
images/vuln_power_ccf_100.png
images/vuln_regions_t100.png
images/vuln_regions_t50.png
images/vuln_regions_t0.png
 ***********

Package atveryend Info: Executing hook `AtEndAfterFileList' on input line 783.
Package rerunfilecheck Info: File `EEET2493_labreport_template.out' has not cha
nged.
(rerunfilecheck)             Checksum: 4B9460B83C6D3E106D2D212A4F0D59E8;1902.

LaTeX Warning: There were undefined references.


LaTeX Warning: Label(s) may have changed. Rerun to get cross-references right.


Package biblatex Warning: Please (re)run BibTeX on the file(s):
(biblatex)                EEET2493_labreport_template
(biblatex)                and rerun LaTeX afterwards.

Package logreq Info: Writing requests to 'EEET2493_labreport_template.run.xml'.

 ) 
Here is how much of TeX's memory you used:
 12611 strings out of 495354
 192107 string characters out of 3183859
 386428 words of memory out of 3000000
 15454 multiletter control sequences out of 15000+200000
 14488 words of font info for 54 fonts, out of 3000000 for 9000
 17 hyphenation exceptions out of 8191
 34i,12n,30p,2968b,809s stack positions out of 5000i,500n,10000p,200000b,50000s
<C:/CTEX/MiKTeX/fonts/type1/public/amsfonts/cm/cmbx10.pfb><C:/CTEX/MiKTeX/fon
ts/type1/public/amsfonts/cm/cmbx5.pfb><C:/CTEX/MiKTeX/fonts/type1/public/amsfon
ts/cm/cmbx6.pfb><C:/CTEX/MiKTeX/fonts/type1/public/amsfonts/cm/cmbx7.pfb><C:/CT
EX/MiKTeX/fonts/type1/public/amsfonts/cm/cmbx8.pfb><C:/CTEX/MiKTeX/fonts/type1/
public/amsfonts/cm/cmex10.pfb><C:/CTEX/MiKTeX/fonts/type1/public/amsfonts/cm/cm
mi10.pfb><C:/CTEX/MiKTeX/fonts/type1/public/amsfonts/cm/cmmi5.pfb><C:/CTEX/MiKT
eX/fonts/type1/public/amsfonts/cm/cmmi6.pfb><C:/CTEX/MiKTeX/fonts/type1/public/
amsfonts/cm/cmmi7.pfb><C:/CTEX/MiKTeX/fonts/type1/public/amsfonts/cm/cmmi8.pfb>
<C:/CTEX/MiKTeX/fonts/type1/public/amsfonts/cm/cmmib10.pfb><C:/CTEX/MiKTeX/font
s/type1/public/amsfonts/cm/cmr10.pfb><C:/CTEX/MiKTeX/fonts/type1/public/amsfont
s/cm/cmr12.pfb><C:/CTEX/MiKTeX/fonts/type1/public/amsfonts/cm/cmr7.pfb><C:/CTEX
/MiKTeX/fonts/type1/public/amsfonts/cm/cmr8.pfb><C:/CTEX/MiKTeX/fonts/type1/pub
lic/amsfonts/cm/cmss8.pfb><C:/CTEX/MiKTeX/fonts/type1/public/amsfonts/cm/cmsy10
.pfb><C:/CTEX/MiKTeX/fonts/type1/public/amsfonts/cm/cmsy5.pfb><C:/CTEX/MiKTeX/f
onts/type1/public/amsfonts/cm/cmsy6.pfb><C:/CTEX/MiKTeX/fonts/type1/public/amsf
onts/cm/cmsy7.pfb><C:/CTEX/MiKTeX/fonts/type1/public/amsfonts/cm/cmsy8.pfb><C:/
CTEX/MiKTeX/fonts/type1/public/amsfonts/cm/cmti10.pfb><C:/CTEX/MiKTeX/fonts/typ
e1/public/amsfonts/cm/cmti7.pfb><C:/CTEX/MiKTeX/fonts/type1/public/amsfonts/cm/
cmti8.pfb><C:/CTEX/MiKTeX/fonts/type1/public/amsfonts/cm/cmtt10.pfb><C:/CTEX/Mi
KTeX/fonts/type1/public/amsfonts/cm/cmtt8.pfb>
Output written on EEET2493_labreport_template.pdf (41 pages, 2001670 bytes).
PDF statistics:
 596 PDF objects out of 1000 (max. 8388607)
 133 named destinations out of 1000 (max. 500000)
 266 words of extra memory for PDF output out of 10000 (max. 10000000)

