\BOOKMARK [1][-]{section.1}{Introduction}{}% 1
\BOOKMARK [2][-]{subsection.1.1}{Motivation}{section.1}% 2
\BOOKMARK [2][-]{subsection.1.2}{Related work}{section.1}% 3
\BOOKMARK [2][-]{subsection.1.3}{Contribution}{section.1}% 4
\BOOKMARK [1][-]{section.2}{Modeling framework}{}% 5
\BOOKMARK [2][-]{subsection.2.1}{Network-based model for interdependent railway and power systems}{section.2}% 6
\BOOKMARK [2][-]{subsection.2.2}{Modeling initiating events}{section.2}% 7
\BOOKMARK [2][-]{subsection.2.3}{Modeling cascading failures}{section.2}% 8
\BOOKMARK [3][-]{subsubsection.2.3.1}{Cascading failures within railway networks}{subsection.2.3}% 9
\BOOKMARK [3][-]{subsubsection.2.3.2}{Cascading failures within the power network}{subsection.2.3}% 10
\BOOKMARK [3][-]{subsubsection.2.3.3}{Cascading failures between networks}{subsection.2.3}% 11
\BOOKMARK [2][-]{subsection.2.4}{Vulnerability}{section.2}% 12
\BOOKMARK [1][-]{section.3}{Case-study and simulation approach}{}% 13
\BOOKMARK [1][-]{section.4}{Results}{}% 14
\BOOKMARK [2][-]{subsection.4.1}{Scenario 1: random removals in power network}{section.4}% 15
\BOOKMARK [3][-]{subsubsection.4.1.1}{The impact of the power network on the railway network}{subsection.4.1}% 16
\BOOKMARK [3][-]{subsubsection.4.1.2}{The contribution of different failure modes}{subsection.4.1}% 17
\BOOKMARK [2][-]{subsection.4.2}{Scenario 2: spatially-localized removals in power network}{section.4}% 18
\BOOKMARK [2][-]{subsection.4.3}{Scenario 3: simultaneous random removals in both the networks}{section.4}% 19
\BOOKMARK [1][-]{section.5}{Discussion}{}% 20
\BOOKMARK [2][-]{subsection.5.1}{Scenario 1}{section.5}% 21
\BOOKMARK [2][-]{subsection.5.2}{Scenario 2}{section.5}% 22
\BOOKMARK [2][-]{subsection.5.3}{Scenario 3}{section.5}% 23
\BOOKMARK [1][-]{section.6}{Conclusion}{}% 24
\BOOKMARK [1][-]{appendix.A}{DC power flow model}{}% 25
